<?xml version="1.0" encoding="UTF-8"?>
<coverage generated="1561351355136" clover="3.2.0">
  <project timestamp="1561351355136" name="All files">
    <metrics statements="17" coveredstatements="8" conditionals="2" coveredconditionals="0" methods="10" coveredmethods="5" elements="29" coveredelements="13" complexity="0" loc="17" ncloc="17" packages="1" files="3" classes="3"/>
    <file name="App.js" path="C:\Users\anuhakee\extra\react-hooks-starter\todoRetrieval\withoutHooks\src\components\App.js">
      <metrics statements="4" coveredstatements="2" conditionals="0" coveredconditionals="0" methods="3" coveredmethods="1"/>
      <line num="8" count="3" type="stmt"/>
      <line num="10" count="3" type="stmt"/>
      <line num="16" count="0" type="stmt"/>
      <line num="17" count="0" type="stmt"/>
    </file>
    <file name="ResourceList.js" path="C:\Users\anuhakee\extra\react-hooks-starter\todoRetrieval\withoutHooks\src\components\ResourceList.js">
      <metrics statements="8" coveredstatements="3" conditionals="2" coveredconditionals="0" methods="4" coveredmethods="2"/>
      <line num="6" count="1" type="stmt"/>
      <line num="8" count="1" type="stmt"/>
      <line num="9" count="0" type="stmt"/>
      <line num="12" count="0" type="cond" truecount="0" falsecount="2"/>
      <line num="13" count="0" type="stmt"/>
      <line num="14" count="0" type="stmt"/>
      <line num="18" count="1" type="stmt"/>
      <line num="20" count="0" type="stmt"/>
    </file>
    <file name="UserList.js" path="C:\Users\anuhakee\extra\react-hooks-starter\todoRetrieval\withoutHooks\src\components\UserList.js">
      <metrics statements="5" coveredstatements="3" conditionals="0" coveredconditionals="0" methods="3" coveredmethods="2"/>
      <line num="5" count="1" type="stmt"/>
      <line num="7" count="1" type="stmt"/>
      <line num="8" count="0" type="stmt"/>
      <line num="12" count="1" type="stmt"/>
      <line num="14" count="0" type="stmt"/>
    </file>
  </project>
</coverage>
