{"C:\\Users\\anuhakee\\extra\\react-hooks-starter\\todoRetrieval\\withoutHooks\\src\\components\\App.js": {"path":"C:\\Users\\anuhakee\\extra\\react-hooks-starter\\todoRetrieval\\withoutHooks\\src\\components\\App.js","statementMap":{"0":{"start":{"line":8,"column":11},"end":{"line":8,"column":29}},"1":{"start":{"line":10,"column":8},"end":{"line":21,"column":10}},"2":{"start":{"line":16,"column":69},"end":{"line":16,"column":102}},"3":{"start":{"line":17,"column":69},"end":{"line":17,"column":102}}},"fnMap":{"0":{"name":"(anonymous_0)","decl":{"start":{"line":9,"column":4},"end":{"line":9,"column":5}},"loc":{"start":{"line":9,"column":12},"end":{"line":22,"column":5}},"line":9},"1":{"name":"(anonymous_1)","decl":{"start":{"line":16,"column":65},"end":{"line":16,"column":66}},"loc":{"start":{"line":16,"column":69},"end":{"line":16,"column":102}},"line":16},"2":{"name":"(anonymous_2)","decl":{"start":{"line":17,"column":65},"end":{"line":17,"column":66}},"loc":{"start":{"line":17,"column":69},"end":{"line":17,"column":102}},"line":17}},"branchMap":{},"s":{"0":3,"1":3,"2":0,"3":0},"f":{"0":3,"1":0,"2":0},"b":{},"_coverageSchema":"43e27e138ebf9cfc5966b082cf9a028302ed4184","hash":"c02c185d1a9eae0bcef8c5eb9cfa87985bc62ac1"}
,"C:\\Users\\anuhakee\\extra\\react-hooks-starter\\todoRetrieval\\withoutHooks\\src\\components\\ResourceList.js": {"path":"C:\\Users\\anuhakee\\extra\\react-hooks-starter\\todoRetrieval\\withoutHooks\\src\\components\\ResourceList.js","statementMap":{"0":{"start":{"line":6,"column":10},"end":{"line":6,"column":24}},"1":{"start":{"line":8,"column":25},"end":{"line":8,"column":103}},"2":{"start":{"line":9,"column":8},"end":{"line":9,"column":48}},"3":{"start":{"line":12,"column":8},"end":{"line":15,"column":9}},"4":{"start":{"line":13,"column":29},"end":{"line":13,"column":107}},"5":{"start":{"line":14,"column":12},"end":{"line":14,"column":52}},"6":{"start":{"line":18,"column":8},"end":{"line":22,"column":10}},"7":{"start":{"line":20,"column":56},"end":{"line":20,"column":83}}},"fnMap":{"0":{"name":"(anonymous_0)","decl":{"start":{"line":7,"column":4},"end":{"line":7,"column":5}},"loc":{"start":{"line":7,"column":29},"end":{"line":10,"column":5}},"line":7},"1":{"name":"(anonymous_1)","decl":{"start":{"line":11,"column":4},"end":{"line":11,"column":5}},"loc":{"start":{"line":11,"column":39},"end":{"line":16,"column":5}},"line":11},"2":{"name":"(anonymous_2)","decl":{"start":{"line":17,"column":4},"end":{"line":17,"column":5}},"loc":{"start":{"line":17,"column":12},"end":{"line":23,"column":5}},"line":17},"3":{"name":"(anonymous_3)","decl":{"start":{"line":20,"column":46},"end":{"line":20,"column":47}},"loc":{"start":{"line":20,"column":56},"end":{"line":20,"column":83}},"line":20}},"branchMap":{"0":{"loc":{"start":{"line":12,"column":8},"end":{"line":15,"column":9}},"type":"if","locations":[{"start":{"line":12,"column":8},"end":{"line":15,"column":9}},{"start":{"line":12,"column":8},"end":{"line":15,"column":9}}],"line":12}},"s":{"0":1,"1":1,"2":0,"3":0,"4":0,"5":0,"6":1,"7":0},"f":{"0":1,"1":0,"2":1,"3":0},"b":{"0":[0,0]},"_coverageSchema":"43e27e138ebf9cfc5966b082cf9a028302ed4184","hash":"c08d65e36c4365b443c6142abfceef493555da2f"}
,"C:\\Users\\anuhakee\\extra\\react-hooks-starter\\todoRetrieval\\withoutHooks\\src\\components\\UserList.js": {"path":"C:\\Users\\anuhakee\\extra\\react-hooks-starter\\todoRetrieval\\withoutHooks\\src\\components\\UserList.js","statementMap":{"0":{"start":{"line":5,"column":10},"end":{"line":5,"column":20}},"1":{"start":{"line":7,"column":25},"end":{"line":7,"column":86}},"2":{"start":{"line":8,"column":8},"end":{"line":8,"column":44}},"3":{"start":{"line":12,"column":8},"end":{"line":16,"column":10}},"4":{"start":{"line":14,"column":50},"end":{"line":14,"column":74}}},"fnMap":{"0":{"name":"(anonymous_0)","decl":{"start":{"line":6,"column":4},"end":{"line":6,"column":5}},"loc":{"start":{"line":6,"column":29},"end":{"line":9,"column":5}},"line":6},"1":{"name":"(anonymous_1)","decl":{"start":{"line":11,"column":4},"end":{"line":11,"column":5}},"loc":{"start":{"line":11,"column":12},"end":{"line":17,"column":5}},"line":11},"2":{"name":"(anonymous_2)","decl":{"start":{"line":14,"column":42},"end":{"line":14,"column":43}},"loc":{"start":{"line":14,"column":50},"end":{"line":14,"column":74}},"line":14}},"branchMap":{},"s":{"0":1,"1":1,"2":0,"3":1,"4":0},"f":{"0":1,"1":1,"2":0},"b":{},"_coverageSchema":"43e27e138ebf9cfc5966b082cf9a028302ed4184","hash":"7520e9b9e535b975fc2ed71208fc4d8447dc3370"}
}
