<?xml version="1.0" encoding="UTF-8"?>
<coverage generated="1561375501889" clover="3.2.0">
  <project timestamp="1561375501889" name="All files">
    <metrics statements="10" coveredstatements="9" conditionals="12" coveredconditionals="6" methods="3" coveredmethods="3" elements="25" coveredelements="18" complexity="0" loc="10" ncloc="10" packages="2" files="2" classes="2"/>
    <package name="Error">
      <metrics statements="2" coveredstatements="2" conditionals="0" coveredconditionals="0" methods="1" coveredmethods="1"/>
      <file name="Error.js" path="C:\Users\amiranja4\Desktop\react-hooks-starter\weatherApp\withHooks\src\Components\Error\Error.js">
        <metrics statements="2" coveredstatements="2" conditionals="0" coveredconditionals="0" methods="1" coveredmethods="1"/>
        <line num="6" count="1" type="stmt"/>
        <line num="19" count="1" type="stmt"/>
      </file>
    </package>
    <package name="Season">
      <metrics statements="8" coveredstatements="7" conditionals="12" coveredconditionals="6" methods="2" coveredmethods="2"/>
      <file name="Season.js" path="C:\Users\amiranja4\Desktop\react-hooks-starter\weatherApp\withHooks\src\Components\Season\Season.js">
        <metrics statements="8" coveredstatements="7" conditionals="12" coveredconditionals="6" methods="2" coveredmethods="2"/>
        <line num="9" count="1" type="stmt"/>
        <line num="10" count="1" type="cond" truecount="1" falsecount="1"/>
        <line num="11" count="1" type="cond" truecount="1" falsecount="1"/>
        <line num="14" count="1" type="cond" truecount="3" falsecount="1"/>
        <line num="15" count="1" type="cond" truecount="1" falsecount="1"/>
        <line num="17" count="0" type="cond" truecount="0" falsecount="2"/>
        <line num="22" count="1" type="stmt"/>
        <line num="37" count="1" type="stmt"/>
      </file>
    </package>
  </project>
</coverage>
