{"C:\\Users\\amiranja4\\Desktop\\react-hooks-starter\\weatherApp\\withHooks\\src\\index.js": {"path":"C:\\Users\\amiranja4\\Desktop\\react-hooks-starter\\weatherApp\\withHooks\\src\\index.js","statementMap":{"0":{"start":{"line":6,"column":0},"end":{"line":6,"column":59}}},"fnMap":{},"branchMap":{},"s":{"0":0},"f":{},"b":{},"hash":"8ad4e7e53ea7a6b223cedeb6bf727a62d227bbe5"}
,"C:\\Users\\amiranja4\\Desktop\\react-hooks-starter\\weatherApp\\withHooks\\src\\Components\\Error\\Error.js": {"path":"C:\\Users\\amiranja4\\Desktop\\react-hooks-starter\\weatherApp\\withHooks\\src\\Components\\Error\\Error.js","statementMap":{"0":{"start":{"line":8,"column":25},"end":{"line":12,"column":1}},"1":{"start":{"line":13,"column":4},"end":{"line":24,"column":5}},"2":{"start":{"line":28,"column":0},"end":{"line":30,"column":1}}},"fnMap":{"0":{"name":"Error","decl":{"start":{"line":6,"column":9},"end":{"line":6,"column":14}},"loc":{"start":{"line":6,"column":22},"end":{"line":26,"column":1}},"line":6}},"branchMap":{},"s":{"0":1,"1":1,"2":1},"f":{"0":1},"b":{},"_coverageSchema":"43e27e138ebf9cfc5966b082cf9a028302ed4184","hash":"73aae0653e07cf78ce8cda50b18fdb3d75a2a2c5"}
,"C:\\Users\\amiranja4\\Desktop\\react-hooks-starter\\weatherApp\\withHooks\\src\\Components\\Root\\Root.js": {"path":"C:\\Users\\amiranja4\\Desktop\\react-hooks-starter\\weatherApp\\withHooks\\src\\Components\\Root\\Root.js","statementMap":{"0":{"start":{"line":10,"column":26},"end":{"line":10,"column":40}},"1":{"start":{"line":11,"column":30},"end":{"line":11,"column":44}},"2":{"start":{"line":13,"column":4},"end":{"line":18,"column":7}},"3":{"start":{"line":14,"column":8},"end":{"line":17,"column":9}},"4":{"start":{"line":15,"column":26},"end":{"line":15,"column":58}},"5":{"start":{"line":16,"column":21},"end":{"line":16,"column":42}},"6":{"start":{"line":21,"column":8},"end":{"line":23,"column":9}},"7":{"start":{"line":22,"column":12},"end":{"line":22,"column":56}},"8":{"start":{"line":25,"column":8},"end":{"line":27,"column":9}},"9":{"start":{"line":26,"column":12},"end":{"line":26,"column":52}},"10":{"start":{"line":29,"column":8},"end":{"line":29,"column":37}},"11":{"start":{"line":32,"column":4},"end":{"line":36,"column":5}}},"fnMap":{"0":{"name":"Root","decl":{"start":{"line":9,"column":9},"end":{"line":9,"column":13}},"loc":{"start":{"line":9,"column":21},"end":{"line":37,"column":1}},"line":9},"1":{"name":"(anonymous_1)","decl":{"start":{"line":13,"column":14},"end":{"line":13,"column":15}},"loc":{"start":{"line":13,"column":20},"end":{"line":18,"column":5}},"line":13},"2":{"name":"(anonymous_2)","decl":{"start":{"line":15,"column":12},"end":{"line":15,"column":13}},"loc":{"start":{"line":15,"column":26},"end":{"line":15,"column":58}},"line":15},"3":{"name":"(anonymous_3)","decl":{"start":{"line":16,"column":12},"end":{"line":16,"column":13}},"loc":{"start":{"line":16,"column":21},"end":{"line":16,"column":42}},"line":16},"4":{"name":"renderContent","decl":{"start":{"line":20,"column":13},"end":{"line":20,"column":26}},"loc":{"start":{"line":20,"column":28},"end":{"line":30,"column":5}},"line":20}},"branchMap":{"0":{"loc":{"start":{"line":21,"column":8},"end":{"line":23,"column":9}},"type":"if","locations":[{"start":{"line":21,"column":8},"end":{"line":23,"column":9}},{"start":{"line":21,"column":8},"end":{"line":23,"column":9}}],"line":21},"1":{"loc":{"start":{"line":21,"column":12},"end":{"line":21,"column":25}},"type":"binary-expr","locations":[{"start":{"line":21,"column":12},"end":{"line":21,"column":17}},{"start":{"line":21,"column":21},"end":{"line":21,"column":25}}],"line":21},"2":{"loc":{"start":{"line":25,"column":8},"end":{"line":27,"column":9}},"type":"if","locations":[{"start":{"line":25,"column":8},"end":{"line":27,"column":9}},{"start":{"line":25,"column":8},"end":{"line":27,"column":9}}],"line":25},"3":{"loc":{"start":{"line":25,"column":12},"end":{"line":25,"column":25}},"type":"binary-expr","locations":[{"start":{"line":25,"column":12},"end":{"line":25,"column":18}},{"start":{"line":25,"column":22},"end":{"line":25,"column":25}}],"line":25}},"s":{"0":0,"1":0,"2":0,"3":0,"4":0,"5":0,"6":0,"7":0,"8":0,"9":0,"10":0,"11":0},"f":{"0":0,"1":0,"2":0,"3":0,"4":0},"b":{"0":[0,0],"1":[0,0],"2":[0,0],"3":[0,0]},"hash":"7bcd9c6ffbdc10d63c162428e55ad8b48021695c"}
,"C:\\Users\\amiranja4\\Desktop\\react-hooks-starter\\weatherApp\\withHooks\\src\\Components\\Season\\Season.js": {"path":"C:\\Users\\amiranja4\\Desktop\\react-hooks-starter\\weatherApp\\withHooks\\src\\Components\\Season\\Season.js","statementMap":{"0":{"start":{"line":13,"column":17},"end":{"line":13,"column":60}},"1":{"start":{"line":14,"column":30},"end":{"line":14,"column":48}},"2":{"start":{"line":16,"column":23},"end":{"line":20,"column":1}},"3":{"start":{"line":21,"column":4},"end":{"line":31,"column":5}},"4":{"start":{"line":36,"column":0},"end":{"line":38,"column":1}}},"fnMap":{"0":{"name":"Season","decl":{"start":{"line":12,"column":9},"end":{"line":12,"column":15}},"loc":{"start":{"line":12,"column":23},"end":{"line":34,"column":1}},"line":12}},"branchMap":{},"s":{"0":1,"1":1,"2":1,"3":1,"4":1},"f":{"0":1},"b":{},"_coverageSchema":"43e27e138ebf9cfc5966b082cf9a028302ed4184","hash":"ee119ed9e0509d83c96d7a0b4876c45ab86c7b29"}
,"C:\\Users\\amiranja4\\Desktop\\react-hooks-starter\\weatherApp\\withHooks\\src\\Components\\Season\\getSeason.js": {"path":"C:\\Users\\amiranja4\\Desktop\\react-hooks-starter\\weatherApp\\withHooks\\src\\Components\\Season\\getSeason.js","statementMap":{"0":{"start":{"line":2,"column":4},"end":{"line":6,"column":5}},"1":{"start":{"line":3,"column":8},"end":{"line":3,"column":45}},"2":{"start":{"line":5,"column":8},"end":{"line":5,"column":44}}},"fnMap":{"0":{"name":"getSeason","decl":{"start":{"line":1,"column":16},"end":{"line":1,"column":25}},"loc":{"start":{"line":1,"column":38},"end":{"line":7,"column":1}},"line":1}},"branchMap":{"0":{"loc":{"start":{"line":2,"column":4},"end":{"line":6,"column":5}},"type":"if","locations":[{"start":{"line":2,"column":4},"end":{"line":6,"column":5}},{"start":{"line":2,"column":4},"end":{"line":6,"column":5}}],"line":2},"1":{"loc":{"start":{"line":2,"column":8},"end":{"line":2,"column":30}},"type":"binary-expr","locations":[{"start":{"line":2,"column":8},"end":{"line":2,"column":17}},{"start":{"line":2,"column":21},"end":{"line":2,"column":30}}],"line":2},"2":{"loc":{"start":{"line":3,"column":15},"end":{"line":3,"column":44}},"type":"cond-expr","locations":[{"start":{"line":3,"column":25},"end":{"line":3,"column":33}},{"start":{"line":3,"column":36},"end":{"line":3,"column":44}}],"line":3},"3":{"loc":{"start":{"line":5,"column":15},"end":{"line":5,"column":44}},"type":"cond-expr","locations":[{"start":{"line":5,"column":25},"end":{"line":5,"column":33}},{"start":{"line":5,"column":36},"end":{"line":5,"column":44}}],"line":5}},"s":{"0":5,"1":3,"2":2},"f":{"0":5},"b":{"0":[3,2],"1":[5,5],"2":[1,2],"3":[1,1]},"_coverageSchema":"43e27e138ebf9cfc5966b082cf9a028302ed4184","hash":"741f3bb88b78eca1fdd92d35ed0ba74b7b835057"}
,"C:\\Users\\amiranja4\\Desktop\\react-hooks-starter\\weatherApp\\withHooks\\src\\Components\\Season\\seasonIcon.js": {"path":"C:\\Users\\amiranja4\\Desktop\\react-hooks-starter\\weatherApp\\withHooks\\src\\Components\\Season\\seasonIcon.js","statementMap":{"0":{"start":{"line":2,"column":4},"end":{"line":12,"column":5}},"1":{"start":{"line":3,"column":8},"end":{"line":6,"column":9}},"2":{"start":{"line":8,"column":8},"end":{"line":11,"column":9}}},"fnMap":{"0":{"name":"seasonIcon","decl":{"start":{"line":1,"column":16},"end":{"line":1,"column":26}},"loc":{"start":{"line":1,"column":34},"end":{"line":13,"column":1}},"line":1}},"branchMap":{"0":{"loc":{"start":{"line":2,"column":4},"end":{"line":12,"column":5}},"type":"if","locations":[{"start":{"line":2,"column":4},"end":{"line":12,"column":5}},{"start":{"line":2,"column":4},"end":{"line":12,"column":5}}],"line":2}},"s":{"0":3,"1":2,"2":1},"f":{"0":3},"b":{"0":[2,1]},"_coverageSchema":"43e27e138ebf9cfc5966b082cf9a028302ed4184","hash":"14878d004ff808f3977d168f999d60299597ae6f"}
,"C:\\Users\\amiranja4\\Desktop\\react-hooks-starter\\weatherApp\\withHooks\\src\\Components\\Spinner\\Spinner.js": {"path":"C:\\Users\\amiranja4\\Desktop\\react-hooks-starter\\weatherApp\\withHooks\\src\\Components\\Spinner\\Spinner.js","statementMap":{"0":{"start":{"line":4,"column":4},"end":{"line":12,"column":5}}},"fnMap":{"0":{"name":"Spinner","decl":{"start":{"line":3,"column":9},"end":{"line":3,"column":16}},"loc":{"start":{"line":3,"column":19},"end":{"line":13,"column":1}},"line":3}},"branchMap":{},"s":{"0":1},"f":{"0":1},"b":{},"_coverageSchema":"43e27e138ebf9cfc5966b082cf9a028302ed4184","hash":"21c97390ecfc5786c125e517681e03abf60c4aef"}
}
