{"C:\\Users\\amiranja4\\Desktop\\react-hooks-starter\\weatherApp\\withHooks\\src\\Components\\Error\\Error.js": {"path":"C:\\Users\\amiranja4\\Desktop\\react-hooks-starter\\weatherApp\\withHooks\\src\\Components\\Error\\Error.js","statementMap":{"0":{"start":{"line":6,"column":4},"end":{"line":15,"column":5}},"1":{"start":{"line":19,"column":0},"end":{"line":21,"column":1}}},"fnMap":{"0":{"name":"Error","decl":{"start":{"line":5,"column":9},"end":{"line":5,"column":14}},"loc":{"start":{"line":5,"column":22},"end":{"line":17,"column":1}},"line":5}},"branchMap":{},"s":{"0":1,"1":1},"f":{"0":1},"b":{},"_coverageSchema":"43e27e138ebf9cfc5966b082cf9a028302ed4184","hash":"330fcb12778c69b418e0fcb1d1ab4f922def6811"}
,"C:\\Users\\amiranja4\\Desktop\\react-hooks-starter\\weatherApp\\withHooks\\src\\Components\\Season\\Season.js": {"path":"C:\\Users\\amiranja4\\Desktop\\react-hooks-starter\\weatherApp\\withHooks\\src\\Components\\Season\\Season.js","statementMap":{"0":{"start":{"line":9,"column":17},"end":{"line":9,"column":60}},"1":{"start":{"line":10,"column":15},"end":{"line":10,"column":69}},"2":{"start":{"line":11,"column":19},"end":{"line":11,"column":60}},"3":{"start":{"line":14,"column":8},"end":{"line":18,"column":9}},"4":{"start":{"line":15,"column":12},"end":{"line":15,"column":49}},"5":{"start":{"line":17,"column":12},"end":{"line":17,"column":48}},"6":{"start":{"line":22,"column":4},"end":{"line":32,"column":5}},"7":{"start":{"line":37,"column":0},"end":{"line":39,"column":1}}},"fnMap":{"0":{"name":"Season","decl":{"start":{"line":8,"column":9},"end":{"line":8,"column":15}},"loc":{"start":{"line":8,"column":23},"end":{"line":35,"column":1}},"line":8},"1":{"name":"getSeason","decl":{"start":{"line":13,"column":13},"end":{"line":13,"column":22}},"loc":{"start":{"line":13,"column":35},"end":{"line":19,"column":5}},"line":13}},"branchMap":{"0":{"loc":{"start":{"line":10,"column":15},"end":{"line":10,"column":69}},"type":"cond-expr","locations":[{"start":{"line":10,"column":37},"end":{"line":10,"column":54}},{"start":{"line":10,"column":57},"end":{"line":10,"column":69}}],"line":10},"1":{"loc":{"start":{"line":11,"column":19},"end":{"line":11,"column":60}},"type":"cond-expr","locations":[{"start":{"line":11,"column":41},"end":{"line":11,"column":52}},{"start":{"line":11,"column":55},"end":{"line":11,"column":60}}],"line":11},"2":{"loc":{"start":{"line":14,"column":8},"end":{"line":18,"column":9}},"type":"if","locations":[{"start":{"line":14,"column":8},"end":{"line":18,"column":9}},{"start":{"line":14,"column":8},"end":{"line":18,"column":9}}],"line":14},"3":{"loc":{"start":{"line":14,"column":12},"end":{"line":14,"column":34}},"type":"binary-expr","locations":[{"start":{"line":14,"column":12},"end":{"line":14,"column":21}},{"start":{"line":14,"column":25},"end":{"line":14,"column":34}}],"line":14},"4":{"loc":{"start":{"line":15,"column":19},"end":{"line":15,"column":48}},"type":"cond-expr","locations":[{"start":{"line":15,"column":29},"end":{"line":15,"column":37}},{"start":{"line":15,"column":40},"end":{"line":15,"column":48}}],"line":15},"5":{"loc":{"start":{"line":17,"column":19},"end":{"line":17,"column":48}},"type":"cond-expr","locations":[{"start":{"line":17,"column":29},"end":{"line":17,"column":37}},{"start":{"line":17,"column":40},"end":{"line":17,"column":48}}],"line":17}},"s":{"0":1,"1":1,"2":1,"3":1,"4":1,"5":0,"6":1,"7":1},"f":{"0":1,"1":1},"b":{"0":[1,0],"1":[1,0],"2":[1,0],"3":[1,1],"4":[0,1],"5":[0,0]},"_coverageSchema":"43e27e138ebf9cfc5966b082cf9a028302ed4184","hash":"e797a47378889024bca02ef29d955e749fa5f208"}
}
