TN:
SF:C:\Users\amiranja4\Desktop\react-hooks-starter\weatherApp\withHooks\src\Components\Error\Error.js
FN:5,Error
FNF:1
FNH:1
FNDA:1,Error
DA:6,1
DA:19,1
LF:2
LH:2
BRF:0
BRH:0
end_of_record
TN:
SF:C:\Users\amiranja4\Desktop\react-hooks-starter\weatherApp\withHooks\src\Components\Season\Season.js
FN:8,Season
FN:13,getSeason
FNF:2
FNH:2
FNDA:1,Season
FNDA:1,getSeason
DA:9,1
DA:10,1
DA:11,1
DA:14,1
DA:15,1
DA:17,0
DA:22,1
DA:37,1
LF:8
LH:7
BRDA:10,0,0,1
BRDA:10,0,1,0
BRDA:11,1,0,1
BRDA:11,1,1,0
BRDA:14,2,0,1
BRDA:14,2,1,0
BRDA:14,3,0,1
BRDA:14,3,1,1
BRDA:15,4,0,0
BRDA:15,4,1,1
BRDA:17,5,0,0
BRDA:17,5,1,0
BRF:12
BRH:6
end_of_record
