TN:
SF:C:\Users\amiranja4\Desktop\react-hooks-starter\weatherApp\withHooks\src\index.js
FNF:0
FNH:0
DA:6,0
LF:1
LH:0
BRF:0
BRH:0
end_of_record
TN:
SF:C:\Users\amiranja4\Desktop\react-hooks-starter\weatherApp\withHooks\src\Components\Error\Error.js
FN:6,Error
FNF:1
FNH:1
FNDA:1,Error
DA:8,1
DA:13,1
DA:28,1
LF:3
LH:3
BRF:0
BRH:0
end_of_record
TN:
SF:C:\Users\amiranja4\Desktop\react-hooks-starter\weatherApp\withHooks\src\Components\Root\Root.js
FN:9,Root
FN:13,(anonymous_1)
FN:15,(anonymous_2)
FN:16,(anonymous_3)
FN:20,renderContent
FNF:5
FNH:0
FNDA:0,Root
FNDA:0,(anonymous_1)
FNDA:0,(anonymous_2)
FNDA:0,(anonymous_3)
FNDA:0,renderContent
DA:10,0
DA:11,0
DA:13,0
DA:14,0
DA:15,0
DA:16,0
DA:21,0
DA:22,0
DA:25,0
DA:26,0
DA:29,0
DA:32,0
LF:12
LH:0
BRDA:21,0,0,0
BRDA:21,0,1,0
BRDA:21,1,0,0
BRDA:21,1,1,0
BRDA:25,2,0,0
BRDA:25,2,1,0
BRDA:25,3,0,0
BRDA:25,3,1,0
BRF:8
BRH:0
end_of_record
TN:
SF:C:\Users\amiranja4\Desktop\react-hooks-starter\weatherApp\withHooks\src\Components\Season\Season.js
FN:12,Season
FNF:1
FNH:1
FNDA:1,Season
DA:13,1
DA:14,1
DA:16,1
DA:21,1
DA:36,1
LF:5
LH:5
BRF:0
BRH:0
end_of_record
TN:
SF:C:\Users\amiranja4\Desktop\react-hooks-starter\weatherApp\withHooks\src\Components\Season\getSeason.js
FN:1,getSeason
FNF:1
FNH:1
FNDA:5,getSeason
DA:2,5
DA:3,3
DA:5,2
LF:3
LH:3
BRDA:2,0,0,3
BRDA:2,0,1,2
BRDA:2,1,0,5
BRDA:2,1,1,5
BRDA:3,2,0,1
BRDA:3,2,1,2
BRDA:5,3,0,1
BRDA:5,3,1,1
BRF:8
BRH:8
end_of_record
TN:
SF:C:\Users\amiranja4\Desktop\react-hooks-starter\weatherApp\withHooks\src\Components\Season\seasonIcon.js
FN:1,seasonIcon
FNF:1
FNH:1
FNDA:3,seasonIcon
DA:2,3
DA:3,2
DA:8,1
LF:3
LH:3
BRDA:2,0,0,2
BRDA:2,0,1,1
BRF:2
BRH:2
end_of_record
TN:
SF:C:\Users\amiranja4\Desktop\react-hooks-starter\weatherApp\withHooks\src\Components\Spinner\Spinner.js
FN:3,Spinner
FNF:1
FNH:1
FNDA:1,Spinner
DA:4,1
LF:1
LH:1
BRF:0
BRH:0
end_of_record
