{"C:\\Users\\amiranja4\\Desktop\\react-hooks-starter\\weatherApp\\withoutHooks\\src\\Components\\Error\\Error.js": {"path":"C:\\Users\\amiranja4\\Desktop\\react-hooks-starter\\weatherApp\\withoutHooks\\src\\Components\\Error\\Error.js","statementMap":{"0":{"start":{"line":6,"column":8},"end":{"line":6,"column":20}},"1":{"start":{"line":9,"column":8},"end":{"line":18,"column":9}}},"fnMap":{"0":{"name":"(anonymous_0)","decl":{"start":{"line":5,"column":4},"end":{"line":5,"column":5}},"loc":{"start":{"line":5,"column":23},"end":{"line":7,"column":5}},"line":5},"1":{"name":"(anonymous_1)","decl":{"start":{"line":8,"column":4},"end":{"line":8,"column":5}},"loc":{"start":{"line":8,"column":13},"end":{"line":19,"column":5}},"line":8}},"branchMap":{},"s":{"0":1,"1":1},"f":{"0":1,"1":1},"b":{},"_coverageSchema":"43e27e138ebf9cfc5966b082cf9a028302ed4184","hash":"b858e55f3e05495d0193b8d6009a5cfbf05b6ac1"}
,"C:\\Users\\amiranja4\\Desktop\\react-hooks-starter\\weatherApp\\withoutHooks\\src\\Components\\Season\\Season.js": {"path":"C:\\Users\\amiranja4\\Desktop\\react-hooks-starter\\weatherApp\\withoutHooks\\src\\Components\\Season\\Season.js","statementMap":{"0":{"start":{"line":9,"column":8},"end":{"line":9,"column":20}},"1":{"start":{"line":14,"column":16},"end":{"line":20,"column":5}},"2":{"start":{"line":15,"column":8},"end":{"line":19,"column":9}},"3":{"start":{"line":16,"column":12},"end":{"line":16,"column":49}},"4":{"start":{"line":18,"column":12},"end":{"line":18,"column":48}},"5":{"start":{"line":24,"column":21},"end":{"line":24,"column":74}},"6":{"start":{"line":25,"column":19},"end":{"line":25,"column":73}},"7":{"start":{"line":26,"column":23},"end":{"line":26,"column":64}},"8":{"start":{"line":27,"column":8},"end":{"line":37,"column":9}}},"fnMap":{"0":{"name":"(anonymous_0)","decl":{"start":{"line":8,"column":4},"end":{"line":8,"column":5}},"loc":{"start":{"line":8,"column":23},"end":{"line":10,"column":5}},"line":8},"1":{"name":"(anonymous_1)","decl":{"start":{"line":14,"column":16},"end":{"line":14,"column":17}},"loc":{"start":{"line":14,"column":32},"end":{"line":20,"column":5}},"line":14},"2":{"name":"(anonymous_2)","decl":{"start":{"line":22,"column":4},"end":{"line":22,"column":5}},"loc":{"start":{"line":22,"column":13},"end":{"line":39,"column":5}},"line":22}},"branchMap":{"0":{"loc":{"start":{"line":15,"column":8},"end":{"line":19,"column":9}},"type":"if","locations":[{"start":{"line":15,"column":8},"end":{"line":19,"column":9}},{"start":{"line":15,"column":8},"end":{"line":19,"column":9}}],"line":15},"1":{"loc":{"start":{"line":15,"column":12},"end":{"line":15,"column":34}},"type":"binary-expr","locations":[{"start":{"line":15,"column":12},"end":{"line":15,"column":21}},{"start":{"line":15,"column":25},"end":{"line":15,"column":34}}],"line":15},"2":{"loc":{"start":{"line":16,"column":19},"end":{"line":16,"column":48}},"type":"cond-expr","locations":[{"start":{"line":16,"column":29},"end":{"line":16,"column":37}},{"start":{"line":16,"column":40},"end":{"line":16,"column":48}}],"line":16},"3":{"loc":{"start":{"line":18,"column":19},"end":{"line":18,"column":48}},"type":"cond-expr","locations":[{"start":{"line":18,"column":29},"end":{"line":18,"column":37}},{"start":{"line":18,"column":40},"end":{"line":18,"column":48}}],"line":18},"4":{"loc":{"start":{"line":25,"column":19},"end":{"line":25,"column":73}},"type":"cond-expr","locations":[{"start":{"line":25,"column":41},"end":{"line":25,"column":58}},{"start":{"line":25,"column":61},"end":{"line":25,"column":73}}],"line":25},"5":{"loc":{"start":{"line":26,"column":23},"end":{"line":26,"column":64}},"type":"cond-expr","locations":[{"start":{"line":26,"column":45},"end":{"line":26,"column":56}},{"start":{"line":26,"column":59},"end":{"line":26,"column":64}}],"line":26}},"s":{"0":1,"1":1,"2":1,"3":1,"4":0,"5":1,"6":1,"7":1,"8":1},"f":{"0":1,"1":1,"2":1},"b":{"0":[1,0],"1":[1,1],"2":[0,1],"3":[0,0],"4":[1,0],"5":[1,0]},"_coverageSchema":"43e27e138ebf9cfc5966b082cf9a028302ed4184","hash":"5781a1b30671b9def9096e4b0f47ad770290056f"}
,"C:\\Users\\amiranja4\\Desktop\\react-hooks-starter\\weatherApp\\withoutHooks\\src\\Components\\Spinner\\Spinner.js": {"path":"C:\\Users\\amiranja4\\Desktop\\react-hooks-starter\\weatherApp\\withoutHooks\\src\\Components\\Spinner\\Spinner.js","statementMap":{"0":{"start":{"line":5,"column":8},"end":{"line":11,"column":9}}},"fnMap":{"0":{"name":"(anonymous_0)","decl":{"start":{"line":4,"column":4},"end":{"line":4,"column":5}},"loc":{"start":{"line":4,"column":13},"end":{"line":12,"column":5}},"line":4}},"branchMap":{},"s":{"0":1},"f":{"0":1},"b":{},"_coverageSchema":"43e27e138ebf9cfc5966b082cf9a028302ed4184","hash":"234ab41271fc641595f8a534b23fb13aa9e4029c"}
}
