TN:
SF:C:\Users\amiranja4\Desktop\react-hooks-starter\weatherApp\withoutHooks\src\Components\Error\Error.js
FN:5,(anonymous_0)
FN:8,(anonymous_1)
FNF:2
FNH:2
FNDA:1,(anonymous_0)
FNDA:1,(anonymous_1)
DA:6,1
DA:9,1
LF:2
LH:2
BRF:0
BRH:0
end_of_record
TN:
SF:C:\Users\amiranja4\Desktop\react-hooks-starter\weatherApp\withoutHooks\src\Components\Season\Season.js
FN:8,(anonymous_0)
FN:14,(anonymous_1)
FN:22,(anonymous_2)
FNF:3
FNH:3
FNDA:1,(anonymous_0)
FNDA:1,(anonymous_1)
FNDA:1,(anonymous_2)
DA:9,1
DA:14,1
DA:15,1
DA:16,1
DA:18,0
DA:24,1
DA:25,1
DA:26,1
DA:27,1
LF:9
LH:8
BRDA:15,0,0,1
BRDA:15,0,1,0
BRDA:15,1,0,1
BRDA:15,1,1,1
BRDA:16,2,0,0
BRDA:16,2,1,1
BRDA:18,3,0,0
BRDA:18,3,1,0
BRDA:25,4,0,1
BRDA:25,4,1,0
BRDA:26,5,0,1
BRDA:26,5,1,0
BRF:12
BRH:6
end_of_record
TN:
SF:C:\Users\amiranja4\Desktop\react-hooks-starter\weatherApp\withoutHooks\src\Components\Spinner\Spinner.js
FN:4,(anonymous_0)
FNF:1
FNH:1
FNDA:1,(anonymous_0)
DA:5,1
LF:1
LH:1
BRF:0
BRH:0
end_of_record
