TN:
SF:C:\Users\amiranja4\Desktop\react-hooks-starter\weatherApp\withoutHooks\src\Components\Error\Error.js
FN:6,(anonymous_0)
FN:9,(anonymous_1)
FNF:2
FNH:2
FNDA:1,(anonymous_0)
FNDA:1,(anonymous_1)
DA:7,1
DA:10,1
DA:23,1
LF:3
LH:3
BRF:0
BRH:0
end_of_record
TN:
SF:C:\Users\amiranja4\Desktop\react-hooks-starter\weatherApp\withoutHooks\src\Components\Season\Season.js
FN:9,(anonymous_0)
FN:15,(anonymous_1)
FN:23,(anonymous_2)
FNF:3
FNH:3
FNDA:1,(anonymous_0)
FNDA:1,(anonymous_1)
FNDA:1,(anonymous_2)
DA:10,1
DA:15,1
DA:16,1
DA:17,1
DA:19,0
DA:25,1
DA:26,1
DA:27,1
DA:28,1
DA:43,1
LF:10
LH:9
BRDA:16,0,0,1
BRDA:16,0,1,0
BRDA:16,1,0,1
BRDA:16,1,1,1
BRDA:17,2,0,0
BRDA:17,2,1,1
BRDA:19,3,0,0
BRDA:19,3,1,0
BRDA:26,4,0,1
BRDA:26,4,1,0
BRDA:27,5,0,1
BRDA:27,5,1,0
BRF:12
BRH:6
end_of_record
