{"C:\\Users\\anuhakee\\githubRepos\\react-hooks-starter\\songs-with-redux\\src\\index.js": {"path":"C:\\Users\\anuhakee\\githubRepos\\react-hooks-starter\\songs-with-redux\\src\\index.js","statementMap":{"0":{"start":{"line":9,"column":0},"end":{"line":13,"column":33}}},"fnMap":{},"branchMap":{},"s":{"0":0},"f":{},"b":{},"hash":"06730bffae582b8b5041f56a555c18b5e3c64df4"}
,"C:\\Users\\anuhakee\\githubRepos\\react-hooks-starter\\songs-with-redux\\src\\actions\\index.js": {"path":"C:\\Users\\anuhakee\\githubRepos\\react-hooks-starter\\songs-with-redux\\src\\actions\\index.js","statementMap":{"0":{"start":{"line":2,"column":24},"end":{"line":8,"column":1}},"1":{"start":{"line":4,"column":4},"end":{"line":7,"column":5}}},"fnMap":{"0":{"name":"(anonymous_0)","decl":{"start":{"line":2,"column":24},"end":{"line":2,"column":25}},"loc":{"start":{"line":2,"column":32},"end":{"line":8,"column":1}},"line":2}},"branchMap":{},"s":{"0":1,"1":0},"f":{"0":0},"b":{},"_coverageSchema":"43e27e138ebf9cfc5966b082cf9a028302ed4184","hash":"d0c4a86d0ac8815c5894085982a210afb5d5aaea"}
,"C:\\Users\\anuhakee\\githubRepos\\react-hooks-starter\\songs-with-redux\\src\\components\\App.js": {"path":"C:\\Users\\anuhakee\\githubRepos\\react-hooks-starter\\songs-with-redux\\src\\components\\App.js","statementMap":{"0":{"start":{"line":7,"column":11},"end":{"line":31,"column":1}},"1":{"start":{"line":15,"column":2},"end":{"line":30,"column":4}}},"fnMap":{"0":{"name":"(anonymous_0)","decl":{"start":{"line":7,"column":11},"end":{"line":7,"column":12}},"loc":{"start":{"line":7,"column":16},"end":{"line":31,"column":1}},"line":7}},"branchMap":{},"s":{"0":0,"1":0},"f":{"0":0},"b":{},"hash":"ccb8957678f0c4aeaf2ab070c0399863c7ef45ba"}
,"C:\\Users\\anuhakee\\githubRepos\\react-hooks-starter\\songs-with-redux\\src\\components\\SongDetail.js": {"path":"C:\\Users\\anuhakee\\githubRepos\\react-hooks-starter\\songs-with-redux\\src\\components\\SongDetail.js","statementMap":{"0":{"start":{"line":5,"column":16},"end":{"line":10,"column":1}},"1":{"start":{"line":12,"column":16},"end":{"line":16,"column":1}},"2":{"start":{"line":17,"column":18},"end":{"line":19,"column":1}},"3":{"start":{"line":21,"column":27},"end":{"line":39,"column":1}},"4":{"start":{"line":22,"column":4},"end":{"line":22,"column":22}},"5":{"start":{"line":23,"column":4},"end":{"line":33,"column":10}},"6":{"start":{"line":24,"column":8},"end":{"line":33,"column":10}},"7":{"start":{"line":34,"column":4},"end":{"line":38,"column":6}},"8":{"start":{"line":40,"column":21},"end":{"line":46,"column":1}},"9":{"start":{"line":42,"column":4},"end":{"line":45,"column":5}}},"fnMap":{"0":{"name":"(anonymous_0)","decl":{"start":{"line":21,"column":27},"end":{"line":21,"column":28}},"loc":{"start":{"line":21,"column":37},"end":{"line":39,"column":1}},"line":21},"1":{"name":"(anonymous_1)","decl":{"start":{"line":40,"column":21},"end":{"line":40,"column":22}},"loc":{"start":{"line":40,"column":30},"end":{"line":46,"column":1}},"line":40}},"branchMap":{"0":{"loc":{"start":{"line":23,"column":4},"end":{"line":33,"column":10}},"type":"if","locations":[{"start":{"line":23,"column":4},"end":{"line":33,"column":10}},{"start":{"line":23,"column":4},"end":{"line":33,"column":10}}],"line":23}},"s":{"0":0,"1":0,"2":0,"3":0,"4":0,"5":0,"6":0,"7":0,"8":0,"9":0},"f":{"0":0,"1":0},"b":{"0":[0,0]},"hash":"82cf6a5c2194d76e8396c08b5043170907bbb0c6"}
,"C:\\Users\\anuhakee\\githubRepos\\react-hooks-starter\\songs-with-redux\\src\\components\\SongList.js": {"path":"C:\\Users\\anuhakee\\githubRepos\\react-hooks-starter\\songs-with-redux\\src\\components\\SongList.js","statementMap":{"0":{"start":{"line":17,"column":16},"end":{"line":19,"column":1}},"1":{"start":{"line":21,"column":25},"end":{"line":45,"column":3}},"2":{"start":{"line":24,"column":4},"end":{"line":44,"column":6}},"3":{"start":{"line":31,"column":16},"end":{"line":41,"column":26}},"4":{"start":{"line":35,"column":41},"end":{"line":35,"column":63}},"5":{"start":{"line":46,"column":23},"end":{"line":52,"column":3}},"6":{"start":{"line":47,"column":6},"end":{"line":47,"column":24}},"7":{"start":{"line":48,"column":6},"end":{"line":51,"column":7}}},"fnMap":{"0":{"name":"(anonymous_0)","decl":{"start":{"line":21,"column":25},"end":{"line":21,"column":26}},"loc":{"start":{"line":21,"column":35},"end":{"line":45,"column":3}},"line":21},"1":{"name":"(anonymous_1)","decl":{"start":{"line":30,"column":29},"end":{"line":30,"column":30}},"loc":{"start":{"line":31,"column":16},"end":{"line":41,"column":26}},"line":31},"2":{"name":"(anonymous_2)","decl":{"start":{"line":35,"column":37},"end":{"line":35,"column":38}},"loc":{"start":{"line":35,"column":41},"end":{"line":35,"column":63}},"line":35},"3":{"name":"(anonymous_3)","decl":{"start":{"line":46,"column":23},"end":{"line":46,"column":24}},"loc":{"start":{"line":46,"column":32},"end":{"line":52,"column":3}},"line":46}},"branchMap":{},"s":{"0":0,"1":0,"2":0,"3":0,"4":0,"5":0,"6":0,"7":0},"f":{"0":0,"1":0,"2":0,"3":0},"b":{},"hash":"7019aeaa7d17f448d14b29c7e012cdbe1bffbaef"}
,"C:\\Users\\anuhakee\\githubRepos\\react-hooks-starter\\songs-with-redux\\src\\components\\styles\\index.js": {"path":"C:\\Users\\anuhakee\\githubRepos\\react-hooks-starter\\songs-with-redux\\src\\components\\styles\\index.js","statementMap":{"0":{"start":{"line":3,"column":32},"end":{"line":7,"column":1}},"1":{"start":{"line":8,"column":22},"end":{"line":15,"column":1}}},"fnMap":{},"branchMap":{},"s":{"0":0,"1":0},"f":{},"b":{},"hash":"96109c3d5fc5e07a235d8f5e6480b8310ea57958"}
,"C:\\Users\\anuhakee\\githubRepos\\react-hooks-starter\\songs-with-redux\\src\\reducers\\index.js": {"path":"C:\\Users\\anuhakee\\githubRepos\\react-hooks-starter\\songs-with-redux\\src\\reducers\\index.js","statementMap":{"0":{"start":{"line":2,"column":28},"end":{"line":9,"column":1}},"1":{"start":{"line":3,"column":4},"end":{"line":8,"column":5}},"2":{"start":{"line":11,"column":35},"end":{"line":17,"column":1}},"3":{"start":{"line":12,"column":4},"end":{"line":12,"column":31}},"4":{"start":{"line":13,"column":4},"end":{"line":15,"column":5}},"5":{"start":{"line":14,"column":8},"end":{"line":14,"column":29}},"6":{"start":{"line":16,"column":4},"end":{"line":16,"column":23}}},"fnMap":{"0":{"name":"(anonymous_0)","decl":{"start":{"line":2,"column":28},"end":{"line":2,"column":29}},"loc":{"start":{"line":2,"column":32},"end":{"line":9,"column":1}},"line":2},"1":{"name":"(anonymous_1)","decl":{"start":{"line":11,"column":35},"end":{"line":11,"column":36}},"loc":{"start":{"line":11,"column":65},"end":{"line":17,"column":1}},"line":11}},"branchMap":{"0":{"loc":{"start":{"line":11,"column":36},"end":{"line":11,"column":53}},"type":"default-arg","locations":[{"start":{"line":11,"column":49},"end":{"line":11,"column":53}}],"line":11},"1":{"loc":{"start":{"line":13,"column":4},"end":{"line":15,"column":5}},"type":"if","locations":[{"start":{"line":13,"column":4},"end":{"line":15,"column":5}},{"start":{"line":13,"column":4},"end":{"line":15,"column":5}}],"line":13}},"s":{"0":1,"1":3,"2":1,"3":4,"4":4,"5":1,"6":3},"f":{"0":3,"1":4},"b":{"0":[4],"1":[1,3]},"_coverageSchema":"43e27e138ebf9cfc5966b082cf9a028302ed4184","hash":"db9fdf2d52b77799c3cac30ca3e7898063cf5efc"}
}
