TN:
SF:C:\Users\anuhakee\githubRepos\react-hooks-starter\songs-with-redux\src\index.js
FNF:0
FNH:0
DA:9,0
LF:1
LH:0
BRF:0
BRH:0
end_of_record
TN:
SF:C:\Users\anuhakee\githubRepos\react-hooks-starter\songs-with-redux\src\actions\index.js
FN:2,(anonymous_0)
FNF:1
FNH:0
FNDA:0,(anonymous_0)
DA:2,1
DA:4,0
LF:2
LH:1
BRF:0
BRH:0
end_of_record
TN:
SF:C:\Users\anuhakee\githubRepos\react-hooks-starter\songs-with-redux\src\components\App.js
FN:7,(anonymous_0)
FNF:1
FNH:0
FNDA:0,(anonymous_0)
DA:7,0
DA:15,0
LF:2
LH:0
BRF:0
BRH:0
end_of_record
TN:
SF:C:\Users\anuhakee\githubRepos\react-hooks-starter\songs-with-redux\src\components\SongDetail.js
FN:21,(anonymous_0)
FN:40,(anonymous_1)
FNF:2
FNH:0
FNDA:0,(anonymous_0)
FNDA:0,(anonymous_1)
DA:5,0
DA:12,0
DA:17,0
DA:21,0
DA:22,0
DA:23,0
DA:24,0
DA:34,0
DA:40,0
DA:42,0
LF:10
LH:0
BRDA:23,0,0,0
BRDA:23,0,1,0
BRF:2
BRH:0
end_of_record
TN:
SF:C:\Users\anuhakee\githubRepos\react-hooks-starter\songs-with-redux\src\components\SongList.js
FN:21,(anonymous_0)
FN:30,(anonymous_1)
FN:35,(anonymous_2)
FN:46,(anonymous_3)
FNF:4
FNH:0
FNDA:0,(anonymous_0)
FNDA:0,(anonymous_1)
FNDA:0,(anonymous_2)
FNDA:0,(anonymous_3)
DA:17,0
DA:21,0
DA:24,0
DA:31,0
DA:35,0
DA:46,0
DA:47,0
DA:48,0
LF:8
LH:0
BRF:0
BRH:0
end_of_record
TN:
SF:C:\Users\anuhakee\githubRepos\react-hooks-starter\songs-with-redux\src\components\styles\index.js
FNF:0
FNH:0
DA:3,0
DA:8,0
LF:2
LH:0
BRF:0
BRH:0
end_of_record
TN:
SF:C:\Users\anuhakee\githubRepos\react-hooks-starter\songs-with-redux\src\reducers\index.js
FN:2,(anonymous_0)
FN:11,(anonymous_1)
FNF:2
FNH:2
FNDA:3,(anonymous_0)
FNDA:4,(anonymous_1)
DA:2,1
DA:3,3
DA:11,1
DA:12,4
DA:13,4
DA:14,1
DA:16,3
LF:7
LH:7
BRDA:11,0,0,4
BRDA:13,1,0,1
BRDA:13,1,1,3
BRF:3
BRH:3
end_of_record
