<?xml version="1.0" encoding="UTF-8"?>
<coverage generated="1561437454647" clover="3.2.0">
  <project timestamp="1561437454647" name="All files">
    <metrics statements="21" coveredstatements="13" conditionals="0" coveredconditionals="0" methods="10" coveredmethods="4" elements="31" coveredelements="17" complexity="0" loc="21" ncloc="21" packages="2" files="5" classes="5"/>
    <package name="src">
      <metrics statements="1" coveredstatements="0" conditionals="0" coveredconditionals="0" methods="0" coveredmethods="0"/>
      <file name="index.js" path="C:\Users\anuhakee\extra\react-hooks-starter\todoRetrieval\withHooks\src\index.js">
        <metrics statements="1" coveredstatements="0" conditionals="0" coveredconditionals="0" methods="0" coveredmethods="0"/>
        <line num="5" count="0" type="stmt"/>
      </file>
    </package>
    <package name="src.components">
      <metrics statements="20" coveredstatements="13" conditionals="0" coveredconditionals="0" methods="10" coveredmethods="4"/>
      <file name="App.js" path="C:\Users\anuhakee\extra\react-hooks-starter\todoRetrieval\withHooks\src\components\App.js">
        <metrics statements="5" coveredstatements="3" conditionals="0" coveredconditionals="0" methods="3" coveredmethods="1"/>
        <line num="6" count="1" type="stmt"/>
        <line num="7" count="3" type="stmt"/>
        <line num="9" count="3" type="stmt"/>
        <line num="15" count="0" type="stmt"/>
        <line num="16" count="0" type="stmt"/>
      </file>
      <file name="ResourceList.js" path="C:\Users\anuhakee\extra\react-hooks-starter\todoRetrieval\withHooks\src\components\ResourceList.js">
        <metrics statements="5" coveredstatements="4" conditionals="0" coveredconditionals="0" methods="2" coveredmethods="1"/>
        <line num="6" count="2" type="stmt"/>
        <line num="7" count="1" type="stmt"/>
        <line num="9" count="1" type="stmt"/>
        <line num="13" count="0" type="stmt"/>
        <line num="21" count="2" type="stmt"/>
      </file>
      <file name="UserList.js" path="C:\Users\anuhakee\extra\react-hooks-starter\todoRetrieval\withHooks\src\components\UserList.js">
        <metrics statements="3" coveredstatements="2" conditionals="0" coveredconditionals="0" methods="2" coveredmethods="1"/>
        <line num="7" count="1" type="stmt"/>
        <line num="9" count="1" type="stmt"/>
        <line num="13" count="0" type="stmt"/>
      </file>
      <file name="useResources.js" path="C:\Users\anuhakee\extra\react-hooks-starter\todoRetrieval\withHooks\src\components\useResources.js">
        <metrics statements="7" coveredstatements="4" conditionals="0" coveredconditionals="0" methods="3" coveredmethods="1"/>
        <line num="4" count="3" type="stmt"/>
        <line num="5" count="2" type="stmt"/>
        <line num="7" count="2" type="stmt"/>
        <line num="8" count="0" type="stmt"/>
        <line num="9" count="0" type="stmt"/>
        <line num="11" count="0" type="stmt"/>
        <line num="15" count="2" type="stmt"/>
      </file>
    </package>
  </project>
</coverage>
