<?xml version="1.0" encoding="UTF-8"?>
<coverage generated="1561353320960" clover="3.2.0">
  <project timestamp="1561353320960" name="All files">
    <metrics statements="12" coveredstatements="8" conditionals="0" coveredconditionals="0" methods="7" coveredmethods="3" elements="19" coveredelements="11" complexity="0" loc="12" ncloc="12" packages="1" files="3" classes="3"/>
    <file name="App.js" path="C:\Users\anuhakee\extra\react-hooks-starter\todoRetrieval\withHooks\src\components\App.js">
      <metrics statements="5" coveredstatements="3" conditionals="0" coveredconditionals="0" methods="3" coveredmethods="1"/>
      <line num="6" count="1" type="stmt"/>
      <line num="7" count="3" type="stmt"/>
      <line num="9" count="3" type="stmt"/>
      <line num="15" count="0" type="stmt"/>
      <line num="16" count="0" type="stmt"/>
    </file>
    <file name="ResourceList.js" path="C:\Users\anuhakee\extra\react-hooks-starter\todoRetrieval\withHooks\src\components\ResourceList.js">
      <metrics statements="4" coveredstatements="3" conditionals="0" coveredconditionals="0" methods="2" coveredmethods="1"/>
      <line num="4" count="2" type="stmt"/>
      <line num="5" count="1" type="stmt"/>
      <line num="7" count="1" type="stmt"/>
      <line num="11" count="0" type="stmt"/>
    </file>
    <file name="UserList.js" path="C:\Users\anuhakee\extra\react-hooks-starter\todoRetrieval\withHooks\src\components\UserList.js">
      <metrics statements="3" coveredstatements="2" conditionals="0" coveredconditionals="0" methods="2" coveredmethods="1"/>
      <line num="7" count="1" type="stmt"/>
      <line num="9" count="1" type="stmt"/>
      <line num="13" count="0" type="stmt"/>
    </file>
  </project>
</coverage>
