{"C:\\Users\\anuhakee\\extra\\react-hooks-starter\\todoRetrieval\\withHooks\\src\\index.js": {"path":"C:\\Users\\anuhakee\\extra\\react-hooks-starter\\todoRetrieval\\withHooks\\src\\index.js","statementMap":{"0":{"start":{"line":5,"column":0},"end":{"line":5,"column":57}}},"fnMap":{},"branchMap":{},"s":{"0":0},"f":{},"b":{},"hash":"9767b93fdf8c354a307462605d956e0eaf23f198"}
,"C:\\Users\\anuhakee\\extra\\react-hooks-starter\\todoRetrieval\\withHooks\\src\\components\\App.js": {"path":"C:\\Users\\anuhakee\\extra\\react-hooks-starter\\todoRetrieval\\withHooks\\src\\components\\App.js","statementMap":{"0":{"start":{"line":6,"column":12},"end":{"line":23,"column":1}},"1":{"start":{"line":7,"column":36},"end":{"line":7,"column":54}},"2":{"start":{"line":9,"column":4},"end":{"line":22,"column":6}},"3":{"start":{"line":15,"column":66},"end":{"line":15,"column":86}},"4":{"start":{"line":16,"column":66},"end":{"line":16,"column":86}}},"fnMap":{"0":{"name":"(anonymous_0)","decl":{"start":{"line":6,"column":12},"end":{"line":6,"column":13}},"loc":{"start":{"line":6,"column":16},"end":{"line":23,"column":1}},"line":6},"1":{"name":"(anonymous_1)","decl":{"start":{"line":15,"column":61},"end":{"line":15,"column":62}},"loc":{"start":{"line":15,"column":66},"end":{"line":15,"column":86}},"line":15},"2":{"name":"(anonymous_2)","decl":{"start":{"line":16,"column":61},"end":{"line":16,"column":62}},"loc":{"start":{"line":16,"column":66},"end":{"line":16,"column":86}},"line":16}},"branchMap":{},"s":{"0":1,"1":3,"2":3,"3":0,"4":0},"f":{"0":3,"1":0,"2":0},"b":{},"_coverageSchema":"43e27e138ebf9cfc5966b082cf9a028302ed4184","hash":"221aac41f271954a005a657c212a12166a35c65b"}
,"C:\\Users\\anuhakee\\extra\\react-hooks-starter\\todoRetrieval\\withHooks\\src\\components\\ResourceList.js": {"path":"C:\\Users\\anuhakee\\extra\\react-hooks-starter\\todoRetrieval\\withHooks\\src\\components\\ResourceList.js","statementMap":{"0":{"start":{"line":6,"column":21},"end":{"line":20,"column":1}},"1":{"start":{"line":7,"column":22},"end":{"line":7,"column":43}},"2":{"start":{"line":9,"column":4},"end":{"line":18,"column":5}},"3":{"start":{"line":13,"column":20},"end":{"line":13,"column":58}},"4":{"start":{"line":21,"column":0},"end":{"line":23,"column":1}}},"fnMap":{"0":{"name":"(anonymous_0)","decl":{"start":{"line":6,"column":21},"end":{"line":6,"column":22}},"loc":{"start":{"line":6,"column":39},"end":{"line":20,"column":1}},"line":6},"1":{"name":"(anonymous_1)","decl":{"start":{"line":12,"column":31},"end":{"line":12,"column":32}},"loc":{"start":{"line":13,"column":20},"end":{"line":13,"column":58}},"line":13}},"branchMap":{},"s":{"0":2,"1":1,"2":1,"3":0,"4":2},"f":{"0":1,"1":0},"b":{},"_coverageSchema":"43e27e138ebf9cfc5966b082cf9a028302ed4184","hash":"aaf9b6fd1c81a742d2ce49e0660d6c47455eb19d"}
,"C:\\Users\\anuhakee\\extra\\react-hooks-starter\\todoRetrieval\\withHooks\\src\\components\\UserList.js": {"path":"C:\\Users\\anuhakee\\extra\\react-hooks-starter\\todoRetrieval\\withHooks\\src\\components\\UserList.js","statementMap":{"0":{"start":{"line":7,"column":18},"end":{"line":7,"column":38}},"1":{"start":{"line":9,"column":4},"end":{"line":17,"column":5}},"2":{"start":{"line":13,"column":20},"end":{"line":13,"column":53}}},"fnMap":{"0":{"name":"(anonymous_0)","decl":{"start":{"line":5,"column":15},"end":{"line":5,"column":16}},"loc":{"start":{"line":5,"column":21},"end":{"line":19,"column":1}},"line":5},"1":{"name":"(anonymous_1)","decl":{"start":{"line":12,"column":27},"end":{"line":12,"column":28}},"loc":{"start":{"line":13,"column":20},"end":{"line":13,"column":53}},"line":13}},"branchMap":{},"s":{"0":1,"1":1,"2":0},"f":{"0":1,"1":0},"b":{},"_coverageSchema":"43e27e138ebf9cfc5966b082cf9a028302ed4184","hash":"d538e9415af9e2336bf43b2575174028e1413016"}
,"C:\\Users\\anuhakee\\extra\\react-hooks-starter\\todoRetrieval\\withHooks\\src\\components\\useResources.js": {"path":"C:\\Users\\anuhakee\\extra\\react-hooks-starter\\todoRetrieval\\withHooks\\src\\components\\useResources.js","statementMap":{"0":{"start":{"line":4,"column":19},"end":{"line":16,"column":1}},"1":{"start":{"line":5,"column":38},"end":{"line":5,"column":50}},"2":{"start":{"line":7,"column":4},"end":{"line":14,"column":6}},"3":{"start":{"line":8,"column":8},"end":{"line":12,"column":20}},"4":{"start":{"line":9,"column":29},"end":{"line":9,"column":96}},"5":{"start":{"line":11,"column":12},"end":{"line":11,"column":41}},"6":{"start":{"line":15,"column":4},"end":{"line":15,"column":21}}},"fnMap":{"0":{"name":"(anonymous_0)","decl":{"start":{"line":4,"column":19},"end":{"line":4,"column":20}},"loc":{"start":{"line":4,"column":32},"end":{"line":16,"column":1}},"line":4},"1":{"name":"(anonymous_1)","decl":{"start":{"line":7,"column":14},"end":{"line":7,"column":15}},"loc":{"start":{"line":7,"column":20},"end":{"line":13,"column":5}},"line":7},"2":{"name":"(anonymous_2)","decl":{"start":{"line":8,"column":9},"end":{"line":8,"column":10}},"loc":{"start":{"line":8,"column":29},"end":{"line":12,"column":9}},"line":8}},"branchMap":{},"s":{"0":3,"1":2,"2":2,"3":0,"4":0,"5":0,"6":2},"f":{"0":2,"1":0,"2":0},"b":{},"_coverageSchema":"43e27e138ebf9cfc5966b082cf9a028302ed4184","hash":"1409e26dc5c6d107eba2100d62bcd7ccbb126c4c"}
}
