TN:
SF:C:\Users\anuhakee\extra\react-hooks-starter\todoRetrieval\withHooks\src\index.js
FNF:0
FNH:0
DA:5,0
LF:1
LH:0
BRF:0
BRH:0
end_of_record
TN:
SF:C:\Users\anuhakee\extra\react-hooks-starter\todoRetrieval\withHooks\src\components\App.js
FN:6,(anonymous_0)
FN:15,(anonymous_1)
FN:16,(anonymous_2)
FNF:3
FNH:1
FNDA:3,(anonymous_0)
FNDA:0,(anonymous_1)
FNDA:0,(anonymous_2)
DA:6,1
DA:7,3
DA:9,3
DA:15,0
DA:16,0
LF:5
LH:3
BRF:0
BRH:0
end_of_record
TN:
SF:C:\Users\anuhakee\extra\react-hooks-starter\todoRetrieval\withHooks\src\components\ResourceList.js
FN:6,(anonymous_0)
FN:12,(anonymous_1)
FNF:2
FNH:1
FNDA:1,(anonymous_0)
FNDA:0,(anonymous_1)
DA:6,2
DA:7,1
DA:9,1
DA:13,0
DA:21,2
LF:5
LH:4
BRF:0
BRH:0
end_of_record
TN:
SF:C:\Users\anuhakee\extra\react-hooks-starter\todoRetrieval\withHooks\src\components\UserList.js
FN:5,(anonymous_0)
FN:12,(anonymous_1)
FNF:2
FNH:1
FNDA:1,(anonymous_0)
FNDA:0,(anonymous_1)
DA:7,1
DA:9,1
DA:13,0
LF:3
LH:2
BRF:0
BRH:0
end_of_record
TN:
SF:C:\Users\anuhakee\extra\react-hooks-starter\todoRetrieval\withHooks\src\components\useResources.js
FN:4,(anonymous_0)
FN:7,(anonymous_1)
FN:8,(anonymous_2)
FNF:3
FNH:1
FNDA:2,(anonymous_0)
FNDA:0,(anonymous_1)
FNDA:0,(anonymous_2)
DA:4,3
DA:5,2
DA:7,2
DA:8,0
DA:9,0
DA:11,0
DA:15,2
LF:7
LH:4
BRF:0
BRH:0
end_of_record
