TN:
SF:C:\Users\anuhakee\extra\react-hooks-starter\todoRetrieval\withHooks\src\components\App.js
FN:6,(anonymous_0)
FN:15,(anonymous_1)
FN:16,(anonymous_2)
FNF:3
FNH:1
FNDA:3,(anonymous_0)
FNDA:0,(anonymous_1)
FNDA:0,(anonymous_2)
DA:6,1
DA:7,3
DA:9,3
DA:15,0
DA:16,0
LF:5
LH:3
BRF:0
BRH:0
end_of_record
TN:
SF:C:\Users\anuhakee\extra\react-hooks-starter\todoRetrieval\withHooks\src\components\ResourceList.js
FN:4,(anonymous_0)
FN:10,(anonymous_1)
FNF:2
FNH:1
FNDA:1,(anonymous_0)
FNDA:0,(anonymous_1)
DA:4,2
DA:5,1
DA:7,1
DA:11,0
LF:4
LH:3
BRF:0
BRH:0
end_of_record
TN:
SF:C:\Users\anuhakee\extra\react-hooks-starter\todoRetrieval\withHooks\src\components\UserList.js
FN:5,(anonymous_0)
FN:12,(anonymous_1)
FNF:2
FNH:1
FNDA:1,(anonymous_0)
FNDA:0,(anonymous_1)
DA:7,1
DA:9,1
DA:13,0
LF:3
LH:2
BRF:0
BRH:0
end_of_record
